<?xml version="1.0" encoding="UTF-8"?>
<testng-results skipped="0" failed="0" ignored="0" total="1" passed="1">
  <reporter-output>
  </reporter-output>
  <suite name="Default suite" duration-ms="5303" started-at="2018-10-02T15:26:27Z" finished-at="2018-10-02T15:26:33Z">
    <groups>
    </groups>
    <test name="Default test" duration-ms="5303" started-at="2018-10-02T15:26:27Z" finished-at="2018-10-02T15:26:33Z">
      <class name="com.twitter.statuses.UserTimelineTest">
        <test-method status="PASS" signature="setup()[pri:0, instance:com.twitter.statuses.UserTimelineTest@4883b407]" name="setup" is-config="true" duration-ms="858" started-at="2018-10-02T15:26:27Z" finished-at="2018-10-02T15:26:28Z">
          <reporter-output>
          </reporter-output>
        </test-method> <!-- setup -->
        <test-method status="PASS" signature="readTweet()[pri:0, instance:com.twitter.statuses.UserTimelineTest@4883b407]" name="readTweet" duration-ms="4410" started-at="2018-10-02T15:26:28Z" finished-at="2018-10-02T15:26:33Z">
          <reporter-output>
          </reporter-output>
        </test-method> <!-- readTweet -->
      </class> <!-- com.twitter.statuses.UserTimelineTest -->
    </test> <!-- Default test -->
  </suite> <!-- Default suite -->
</testng-results>
